<?xml version="1.0" encoding="UTF-8"?>
<!-- Generated by org.testng.reporters.JUnitReportReporter -->
<testsuite hostname="adarshsingh01" failures="0" tests="1" name="com.assesment.testvagrant.BaseTest" time="13.748" errors="0" timestamp="05 Nov 2022 10:08:45 GMT" skipped="0">
  <testcase classname="com.assesment.testvagrant.BaseTest" name="GetReleaseDateAndCountry" time="13.748"/>
</testsuite> <!-- com.assesment.testvagrant.BaseTest -->
