<?xml version="1.0" encoding="UTF-8"?>
<!-- Generated by org.testng.reporters.JUnitReportReporter -->
<testsuite hostname="adarshsingh01" failures="0" tests="1" name="com.assesment.testvagrant.CompareValues" time="11.470" errors="0" timestamp="05 Nov 2022 10:31:29 GMT" skipped="0">
  <testcase classname="com.assesment.testvagrant.CompareValues" name="Comparaision" time="11.470"/>
</testsuite> <!-- com.assesment.testvagrant.CompareValues -->
